"F:/Documents/Dropbox/UniWork/LDJam43/Unreal Project/LDJAM_43_Project/Content/Blueprints/Player_Projectiles/BP_Projectile.uasset" 0
"F:/Documents/Dropbox/UniWork/LDJam43/Unreal Project/LDJAM_43_Project/Content/Materials/M_Bullets_TEMP.uasset" 1
"F:/Documents/Dropbox/UniWork/LDJam43/Unreal Project/LDJAM_43_Project/Content/Materials/M_Firework.uasset" 2
"F:/Documents/Dropbox/UniWork/LDJam43/Unreal Project/LDJAM_43_Project/Content/StaticMesh/TEMPS/SM_TEMP_10x10x10.uasset" 3
"F:/Documents/Dropbox/UniWork/LDJam43/Unreal Project/LDJAM_43_Project/Content/Blueprints/Player_Projectiles/BP_FireworkExtras.uasset" 4
"F:/Documents/Dropbox/UniWork/LDJam43/Unreal Project/LDJAM_43_Project/Content/Blueprints/UI/Fonts/LemonMilkbolditalic.uasset" 5
"F:/Documents/Dropbox/UniWork/LDJam43/Unreal Project/LDJAM_43_Project/Content/Blueprints/UI/Fonts/LemonMilkbolditalic_Font.uasset" 6
"F:/Documents/Dropbox/UniWork/LDJam43/Unreal Project/LDJAM_43_Project/Content/Blueprints/UI/Fonts/LemonMilkbold.uasset" 7
"F:/Documents/Dropbox/UniWork/LDJam43/Unreal Project/LDJAM_43_Project/Content/Blueprints/UI/Fonts/LemonMilkbold_Font.uasset" 8
"F:/Documents/Dropbox/UniWork/LDJam43/Unreal Project/LDJAM_43_Project/Content/Blueprints/UI/Fonts/LemonMilkitalic.uasset" 9
"F:/Documents/Dropbox/UniWork/LDJam43/Unreal Project/LDJAM_43_Project/Content/Blueprints/UI/Fonts/LemonMilkitalic_Font.uasset" 10
"F:/Documents/Dropbox/UniWork/LDJam43/Unreal Project/LDJAM_43_Project/Content/Blueprints/UI/Fonts/LemonMilklightitalic.uasset" 11
"F:/Documents/Dropbox/UniWork/LDJam43/Unreal Project/LDJAM_43_Project/Content/Blueprints/UI/Fonts/LemonMilklightitalic_Font.uasset" 12
"F:/Documents/Dropbox/UniWork/LDJam43/Unreal Project/LDJAM_43_Project/Content/Blueprints/UI/Fonts/LemonMilklight.uasset" 13
"F:/Documents/Dropbox/UniWork/LDJam43/Unreal Project/LDJAM_43_Project/Content/Blueprints/UI/Fonts/LemonMilklight_Font.uasset" 14
"F:/Documents/Dropbox/UniWork/LDJam43/Unreal Project/LDJAM_43_Project/Content/SK_Mesh/PlayerWalk_Skeleton.uasset" 15
"F:/Documents/Dropbox/UniWork/LDJam43/Unreal Project/LDJAM_43_Project/Content/SK_Mesh/Jumping.uasset" 16
"F:/Documents/Dropbox/UniWork/LDJam43/Unreal Project/LDJAM_43_Project/Content/Sounds/Shotgun_Chick.uasset" 17
"F:/Documents/Dropbox/UniWork/LDJam43/Unreal Project/LDJAM_43_Project/Content/Sounds/Shotgun_Chick_Cue.uasset" 18
"F:/Documents/Dropbox/UniWork/LDJam43/Unreal Project/LDJAM_43_Project/Content/Sounds/Shotgun_Chug.uasset" 19
"F:/Documents/Dropbox/UniWork/LDJam43/Unreal Project/LDJAM_43_Project/Content/Sounds/Shotgun_Chug_Cue.uasset" 20
"F:/Documents/Dropbox/UniWork/LDJam43/Unreal Project/LDJAM_43_Project/Content/Sounds/Music/Sick_track.uasset" 21
"F:/Documents/Dropbox/UniWork/LDJam43/Unreal Project/LDJAM_43_Project/Content/Materials/Textures/Palette_expanded.uasset" 22
"F:/Documents/Dropbox/UniWork/LDJam43/Unreal Project/LDJAM_43_Project/Content/Materials/M_UniversalMaterial.uasset" 23
"F:/Documents/Dropbox/UniWork/LDJam43/Unreal Project/LDJAM_43_Project/Content/StaticMesh/CrateThing.uasset" 24
"F:/Documents/Dropbox/UniWork/LDJam43/Unreal Project/LDJAM_43_Project/Content/StaticMesh/Muzzleflash.uasset" 25
"F:/Documents/Dropbox/UniWork/LDJam43/Unreal Project/LDJAM_43_Project/Content/StaticMesh/Pillar.uasset" 26
"F:/Documents/Dropbox/UniWork/LDJam43/Unreal Project/LDJAM_43_Project/Content/StaticMesh/Platform.uasset" 27
"../../../Engine/Content/Functions/Engine_MaterialFunctions01/Opacity/CameraDepthFade.uasset" 28
"../../../Engine/Content/EngineMaterials/T_Default_Material_Grid_M.uasset" 29
"../../../Engine/Content/EngineMaterials/T_Default_Material_Grid_N.uasset" 30
"../../../Engine/Content/EngineMaterials/WorldGridMaterial.uasset" 31
"F:/Documents/Dropbox/UniWork/LDJam43/Unreal Project/LDJAM_43_Project/Content/StaticMesh/TEMPS/SM_TEMP_200x200x200.uasset" 32
"F:/Documents/Dropbox/UniWork/LDJam43/Unreal Project/LDJAM_43_Project/Content/StaticMesh/TEMPS/SM_TEMP_200x200x25.uasset" 33
"F:/Documents/Dropbox/UniWork/LDJam43/Unreal Project/LDJAM_43_Project/Content/StaticMesh/TEMPS/SM_TEMP_200x200x30.uasset" 34
"F:/Documents/Dropbox/UniWork/LDJam43/Unreal Project/LDJAM_43_Project/Content/StaticMesh/TEMPS/SM_TEMP_500x30x500.uasset" 35
"../../../Engine/Content/ArtTools/RenderToTexture/Meshes/S_1_Unit_Plane.uasset" 36
"../../../Engine/Content/EngineMaterials/DefaultMaterial.uasset" 37
"../../../Engine/Content/BasicShapes/Cone.uasset" 38
"../../../Engine/Content/BasicShapes/Cylinder.uasset" 39
"../../../Engine/Content/BasicShapes/Plane.uasset" 40
"../../../Engine/Content/BasicShapes/Sphere.uasset" 41
"../../../Engine/Content/EditorLandscapeResources/DataLayer.uasset" 42
"../../../Engine/Content/EditorMaterials/GizmoMaterial.uasset" 43
"../../../Engine/Content/EditorMaterials/MAT_Groups_Toggle.uasset" 44
"../../../Engine/Content/EditorMaterials/MAT_Groups_Visibility.uasset" 45
"../../../Engine/Content/EditorMaterials/PreviewShadowIndicator.uasset" 46
"../../../Engine/Content/EditorMaterials/PreviewShadowIndicatorMaterial.uasset" 47
"../../../Engine/Content/EditorMaterials/MatineeGroups/MAT_ColorTrack.uasset" 48
"../../../Engine/Content/EditorMaterials/MatineeGroups/MAT_Groups_Anim.uasset" 49
"../../../Engine/Content/EditorMaterials/MatineeGroups/MAT_Groups_AudioMaster.uasset" 50
"../../../Engine/Content/EditorMaterials/MatineeGroups/MAT_Groups_Director.uasset" 51
"../../../Engine/Content/EditorMaterials/MatineeGroups/MAT_Groups_Event.uasset" 52
"../../../Engine/Content/EditorMaterials/MatineeGroups/MAT_Groups_Fade.uasset" 53
"../../../Engine/Content/EditorMaterials/MatineeGroups/MAT_Groups_Float.uasset" 54
"../../../Engine/Content/EditorMaterials/MatineeGroups/MAT_Groups_Move.uasset" 55
"../../../Engine/Content/EditorMaterials/MatineeGroups/MAT_Groups_Slomo.uasset" 56
"../../../Engine/Content/EditorMaterials/MatineeGroups/MAT_Groups_Sound.uasset" 57
"../../../Engine/Content/EditorMaterials/MatineeGroups/MAT_Groups_Vector.uasset" 58
"../../../Engine/Content/EditorMaterials/ParticleSystems/PSysThumbnail_NoImage.uasset" 59
"../../../Engine/Content/EditorMaterials/ParticleSystems/PSysThumbnail_OOD.uasset" 60
"../../../Engine/Content/EditorMaterials/Camera/CineMat.uasset" 61
"../../../Engine/Content/EditorMaterials/Camera/MI_CineMat_Rig.uasset" 62
"../../../Engine/Content/EditorMeshes/Camera/SM_CraneRig_Arm.uasset" 63
"../../../Engine/Content/EditorMeshes/Camera/SM_CraneRig_Base.uasset" 64
"../../../Engine/Content/EditorMeshes/Camera/SM_CraneRig_Body.uasset" 65
"../../../Engine/Content/EditorMeshes/Camera/SM_CraneRig_Mount.uasset" 66
"../../../Engine/Content/EditorMeshes/Camera/SM_RailRig_Mount.uasset" 67
"../../../Engine/Content/EditorMeshes/Camera/SM_RailRig_Track.uasset" 68
"../../../Engine/Content/EditorResources/BSPVertex.uasset" 69
"../../../Engine/Content/EditorResources/EmptyActor.uasset" 70
"../../../Engine/Content/EditorResources/S_Actor.uasset" 71
"../../../Engine/Content/EditorResources/S_Trigger.uasset" 72
"../../../Engine/Content/EditorResources/SequenceRecorder/Countdown.uasset" 73
"../../../Engine/Content/EditorResources/SequenceRecorder/RecordingIndicator.uasset" 74
"../../../Engine/Content/EditorSounds/Notifications/CompileFailed.uasset" 75
"../../../Engine/Content/EditorSounds/Notifications/CompileFailed_Cue.uasset" 76
"../../../Engine/Content/EditorSounds/Notifications/CompileSuccess.uasset" 77
"../../../Engine/Content/EditorSounds/Notifications/CompileStart_Cue.uasset" 78
"../../../Engine/Content/EditorSounds/Notifications/CompileSuccess_Cue.uasset" 79
"../../../Engine/Content/EngineDamageTypes/DmgTypeBP_Environmental.uasset" 80
"../../../Engine/Content/EngineDebugMaterials/HeatmapGradient.uasset" 81
"../../../Engine/Content/EngineDebugMaterials/BoneWeightMaterial.uasset" 82
"../../../Engine/Content/EngineDebugMaterials/ClothMaterial.uasset" 83
"../../../Engine/Content/EngineDebugMaterials/ClothMaterial_WF.uasset" 84
"../../../Engine/Content/EngineDebugMaterials/DebugEditorMaterial.uasset" 85
"../../../Engine/Content/EngineDebugMaterials/DebugMeshMaterial.uasset" 86
"../../../Engine/Content/EngineDebugMaterials/GeomMaterial.uasset" 87
"../../../Engine/Content/EngineDebugMaterials/M_SimpleTranslucent.uasset" 88
"../../../Engine/Content/EngineFonts/Faces/RobotoBold.uasset" 89
"../../../Engine/Content/EngineFonts/Faces/RobotoBoldItalic.uasset" 90
"../../../Engine/Content/EngineFonts/Faces/RobotoItalic.uasset" 91
"../../../Engine/Content/EngineFonts/Faces/RobotoLight.uasset" 92
"../../../Engine/Content/EngineFonts/Faces/RobotoRegular.uasset" 93
"../../../Engine/Content/EngineFonts/Roboto.uasset" 94
"../../../Engine/Content/EngineFonts/Faces/RobotoTiny.uasset" 95
"../../../Engine/Content/EngineFonts/RobotoTiny.uasset" 96
"../../../Engine/Content/EngineMaterials/BaseFlattenDiffuseMap.uasset" 97
"../../../Engine/Content/EngineMaterials/BaseFlattenEmissiveMap.uasset" 98
"../../../Engine/Content/EngineMaterials/BaseFlattenGrayscaleMap.uasset" 99
"../../../Engine/Content/EngineMaterials/BaseFlattenNormalMap.uasset" 100
"../../../Engine/Content/EngineMaterials/BaseFlattenMaterial.uasset" 101
"../../../Engine/Content/EngineMaterials/DefaultBloomKernel.uasset" 102
"../../../Engine/Content/EngineMaterials/DefaultBokeh.uasset" 103
"../../../Engine/Content/EngineMaterials/DefaultDiffuse.uasset" 104
"../../../Engine/Content/EngineMaterials/DefaultDeferredDecalMaterial.uasset" 105
"../../../Engine/Content/EngineMaterials/DefaultLightFunctionMaterial.uasset" 106
"../../../Engine/Content/EngineMaterials/DefaultPhysicalMaterial.uasset" 107
"../../../Engine/Content/Functions/Engine_MaterialFunctions02/Utility/BreakOutFloat2Components.uasset" 108
"../../../Engine/Content/EngineMaterials/DefaultPostProcessMaterial.uasset" 109
"../../../Engine/Content/EngineFonts/RobotoDistanceField.uasset" 110
"../../../Engine/Content/EngineMaterials/DefaultTextMaterialOpaque.uasset" 111
"../../../Engine/Content/EngineMaterials/DefaultWhiteGrid.uasset" 112
"../../../Engine/Content/EngineMaterials/EditorBrushMaterial.uasset" 113
"../../../Engine/Content/EngineMaterials/Good64x64TilingNoiseHighFreq.uasset" 114
"../../../Engine/Content/EngineMaterials/MiniFont.uasset" 115
"../../../Engine/Content/EngineMaterials/InvalidLightmapSettings.uasset" 116
"../../../Engine/Content/EngineMaterials/M_InvalidLightmapSettings.uasset" 117
"../../../Engine/Content/Functions/Engine_MaterialFunctions02/WorldPositionOffset/CameraOffset.uasset" 118
"../../../Engine/Content/EngineMaterials/PhAT_JointLimitMaterial.uasset" 119
"../../../Engine/Content/EngineMaterials/PreintegratedSkinBRDF.uasset" 120
"../../../Engine/Content/EngineMaterials/RemoveSurfaceMaterial.uasset" 121
"../../../Engine/Content/EngineMaterials/WeightMapPlaceholderTexture.uasset" 122
"../../../Engine/Content/EngineResources/WhiteSquareTexture.uasset" 123
"../../../Engine/Content/EngineMaterials/Widget3DPassThrough.uasset" 124
"../../../Engine/Content/EngineMaterials/Widget3DPassThrough_Masked.uasset" 125
"../../../Engine/Content/EngineMaterials/Widget3DPassThrough_Opaque.uasset" 126
"../../../Engine/Content/EngineMaterials/Widget3DPassThrough_Masked_OneSided.uasset" 127
"../../../Engine/Content/EngineMaterials/Widget3DPassThrough_Opaque_OneSided.uasset" 128
"../../../Engine/Content/EngineMaterials/Widget3DPassThrough_Translucent.uasset" 129
"../../../Engine/Content/EngineMaterials/Widget3DPassThrough_Translucent_OneSided.uasset" 130
"../../../Engine/Content/EngineMeshes/Cylinder.uasset" 131
"../../../Engine/Content/EngineMeshes/Sphere.uasset" 132
"../../../Engine/Content/EngineResources/Black.uasset" 133
"../../../Engine/Content/EngineResources/DefaultTexture.uasset" 134
"../../../Engine/Content/EngineResources/DefaultTextureCube.uasset" 135
"../../../Engine/Content/EngineResources/DefaultVolumeTexture2D.uasset" 136
"../../../Engine/Content/EngineResources/DefaultVolumeTexture.uasset" 137
"../../../Engine/Content/EngineResources/GradientTexture0.uasset" 138
"../../../Engine/Content/EngineSounds/Master.uasset" 139
"../../../Engine/Content/Functions/Engine_MaterialFunctions01/Shading/ConvertFromDiffSpec.uasset" 140
"../../../Engine/Content/Functions/Engine_MaterialFunctions01/Shading/PowerToRoughness.uasset" 141
"../../../Engine/Content/Maps/Templates/Thumbnails/Default.uasset" 142
"../../../Engine/Content/Maps/Templates/Thumbnails/VR-Basic.uasset" 143
"../../../Engine/Content/MobileResources/T_MobileControls_texture.uasset" 144
"../../../Engine/Content/MobileResources/T_MobileMenu2.uasset" 145
"../../../Engine/Content/MobileResources/HUD/AnalogHat.uasset" 146
"../../../Engine/Content/MobileResources/HUD/VirtualJoystick_Background.uasset" 147
"../../../Engine/Content/MobileResources/HUD/VirtualJoystick_Thumb.uasset" 148
"../../../Engine/Content/MobileResources/HUD/DefaultVirtualJoysticks.uasset" 149
"../../../Engine/Content/MobileResources/HUD/LeftVirtualJoystickOnly.uasset" 150
"../../../Engine/Content/MobileResources/HUD/MobileHUDButton1_off.uasset" 151
"../../../Engine/Content/MobileResources/HUD/MobileHUDButton1_on.uasset" 152
"../../../Engine/Content/MobileResources/HUD/MobileHUDButton2_off.uasset" 153
"../../../Engine/Content/MobileResources/HUD/MobileHUDButton2_on.uasset" 154
"../../../Engine/Content/MobileResources/HUD/MobileHUDButton3.uasset" 155
"../../../Engine/Content/MobileResources/HUD/MobileHUDButtonFire.uasset" 156
"../../../Engine/Content/MobileResources/HUD/MobileHUDDirectionPad.uasset" 157
"../../../Engine/Content/MobileResources/HUD/MobileHUDDirectionPad2.uasset" 158
"../../../Engine/Content/MobileResources/HUD/MobileHUDDirectionPad3.uasset" 159
"../../../Engine/Content/MobileResources/HUD/MobileHUDDirectionStick.uasset" 160
"../../../Engine/Content/MobileResources/HUD/T_Castle_ThumbstickInner.uasset" 161
"../../../Engine/Content/MobileResources/HUD/T_Castle_ThumbstickOutter.uasset" 162
"../../../Engine/Content/Tutorial/ContentIntroCurve.uasset" 163
"../../../Engine/Content/Tutorial/Basics/TutorialAssets/icon_tab_Levels_40x.uasset" 164
"../../../Engine/Content/Tutorial/BlueprintTutorials/TutorialAssets/Blueprint_64x.uasset" 165
"../../../Engine/Content/VREditor/LaserPointer/VR_LaserPower_01.uasset" 166
"../../../Engine/Content/VREditor/TransformGizmo/TransformGizmoMaterial.uasset" 167
"../../../Engine/Content/VREditor/TransformGizmo/TranslucentTransformGizmoMaterial.uasset" 168
"../../../Engine/Content/VREditor/TransformGizmo/BoundingBoxCorner.uasset" 169
"../../../Engine/Content/VREditor/TransformGizmo/BoundingBoxEdge.uasset" 170
"../../../Engine/Content/VREditor/TransformGizmo/PlaneTranslationHandle.uasset" 171
"../../../Engine/Content/VREditor/TransformGizmo/Main.uasset" 172
"../../../Engine/Content/VREditor/TransformGizmo/Xray.uasset" 173
"../../../Engine/Content/VREditor/TransformGizmo/SM_Sequencer_Key.uasset" 174
"../../../Engine/Content/VREditor/TransformGizmo/SM_Sequencer_Node.uasset" 175
"../../Plugins/2D/Paper2D/Content/PlaceholderTextures/DummySpriteTexture.uasset" 176
"../../Plugins/2D/Paper2D/Content/DummySprite.uasset" 177
"../../Plugins/2D/Paper2D/Content/DefaultPaperTerrainMaterial.uasset" 178
"../../Plugins/2D/Paper2D/Content/DefaultSpriteMaterial.uasset" 179
"../../Plugins/2D/Paper2D/Content/MaskedUnlitSpriteMaterial.uasset" 180
"../../Plugins/2D/Paper2D/Content/OpaqueUnlitSpriteMaterial.uasset" 181
"../../Plugins/Runtime/Oculus/OculusVR/Content/Materials/PokeAHoleMaterial.uasset" 182
"../../Plugins/Runtime/Oculus/OculusVR/Content/Textures/GearVRController_AO.uasset" 183
"../../Plugins/Runtime/Oculus/OculusVR/Content/Textures/GearVRController_Color.uasset" 184
"../../Plugins/Runtime/Oculus/OculusVR/Content/Textures/GearVRController_Normal.uasset" 185
"../../Plugins/Runtime/Oculus/OculusVR/Content/Materials/GearVRControllerMaterial.uasset" 186
"../../Plugins/Runtime/Oculus/OculusVR/Content/Meshes/GearVrController.uasset" 187
"../../Plugins/Runtime/Oculus/OculusVR/Content/Textures/touchController_albedo.uasset" 188
"../../Plugins/Runtime/Oculus/OculusVR/Content/Textures/touchController_controlmap.uasset" 189
"../../Plugins/Runtime/Oculus/OculusVR/Content/Materials/touchController_mat.uasset" 190
"../../Plugins/Runtime/Oculus/OculusVR/Content/Meshes/LeftTouchController.uasset" 191
"../../Plugins/Runtime/Oculus/OculusVR/Content/Meshes/RiftHMD.uasset" 192
"../../Plugins/Runtime/Oculus/OculusVR/Content/Meshes/RightTouchController.uasset" 193
"F:/Documents/Dropbox/UniWork/LDJam43/Unreal Project/LDJAM_43_Project/Content/Blueprints/AI/ENUM_EnemyState.uasset" 194
"F:/Documents/Dropbox/UniWork/LDJam43/Unreal Project/LDJAM_43_Project/Content/Blueprints/AI/BB_Enemy.uasset" 195
"F:/Documents/Dropbox/UniWork/LDJam43/Unreal Project/LDJAM_43_Project/Content/SK_Mesh/Falling.uasset" 196
"F:/Documents/Dropbox/UniWork/LDJam43/Unreal Project/LDJAM_43_Project/Content/SK_Mesh/PlayerWalk_Anim.uasset" 197
"F:/Documents/Dropbox/UniWork/LDJam43/Unreal Project/LDJAM_43_Project/Content/Blueprints/BP_PlayerAnim.uasset" 198
"F:/Documents/Dropbox/UniWork/LDJam43/Unreal Project/LDJAM_43_Project/Content/SK_Mesh/FireworkLauncher_Skeleton.uasset" 199
"F:/Documents/Dropbox/UniWork/LDJam43/Unreal Project/LDJAM_43_Project/Content/SK_Mesh/FireworkLauncher_Anim.uasset" 200
"F:/Documents/Dropbox/UniWork/LDJam43/Unreal Project/LDJAM_43_Project/Content/Sounds/Firework_Boom.uasset" 201
"F:/Documents/Dropbox/UniWork/LDJam43/Unreal Project/LDJAM_43_Project/Content/Sounds/Firework_Boom_Cue.uasset" 202
"F:/Documents/Dropbox/UniWork/LDJam43/Unreal Project/LDJAM_43_Project/Content/Sounds/Firework_tss.uasset" 203
"F:/Documents/Dropbox/UniWork/LDJam43/Unreal Project/LDJAM_43_Project/Content/Sounds/Firework_tss_Cue.uasset" 204
"F:/Documents/Dropbox/UniWork/LDJam43/Unreal Project/LDJAM_43_Project/Content/StaticMesh/FireworkBullet.uasset" 205
"F:/Documents/Dropbox/UniWork/LDJam43/Unreal Project/LDJAM_43_Project/Content/StaticMesh/TEMPS/SM_TEMP_Sphere.uasset" 206
"F:/Documents/Dropbox/UniWork/LDJam43/Unreal Project/LDJAM_43_Project/Content/Blueprints/Player_Projectiles/BP_FireworkProjectile.uasset" 207
"../../../Engine/Content/BasicShapes/BasicShapeMaterial.uasset" 208
"../../../Engine/Content/BasicShapes/Cube.uasset" 209
"F:/Documents/Dropbox/UniWork/LDJam43/Unreal Project/LDJAM_43_Project/Content/Blueprints/Weapons/BP_WeaponMaster.uasset" 210
"F:/Documents/Dropbox/UniWork/LDJam43/Unreal Project/LDJAM_43_Project/Content/SK_Mesh/FireworkLauncher_PhysicsAsset.uasset" 211
"F:/Documents/Dropbox/UniWork/LDJam43/Unreal Project/LDJAM_43_Project/Content/SK_Mesh/FireworkLauncher.uasset" 212
"F:/Documents/Dropbox/UniWork/LDJam43/Unreal Project/LDJAM_43_Project/Content/Blueprints/Weapons/BP_Firework.uasset" 213
"F:/Documents/Dropbox/UniWork/LDJam43/Unreal Project/LDJAM_43_Project/Content/SK_Mesh/Minigun_Skeleton.uasset" 214
"F:/Documents/Dropbox/UniWork/LDJam43/Unreal Project/LDJAM_43_Project/Content/SK_Mesh/Minigun_Anim.uasset" 215
"F:/Documents/Dropbox/UniWork/LDJam43/Unreal Project/LDJAM_43_Project/Content/ParticleSystem/PS_BulletImpact.uasset" 216
"F:/Documents/Dropbox/UniWork/LDJam43/Unreal Project/LDJAM_43_Project/Content/StaticMesh/Bullet.uasset" 217
"F:/Documents/Dropbox/UniWork/LDJam43/Unreal Project/LDJAM_43_Project/Content/Blueprints/Player_Projectiles/BP_PistolProjectile.uasset" 218
"F:/Documents/Dropbox/UniWork/LDJam43/Unreal Project/LDJAM_43_Project/Content/Materials/M_Minigun.uasset" 219
"F:/Documents/Dropbox/UniWork/LDJam43/Unreal Project/LDJAM_43_Project/Content/StaticMesh/Smoke.uasset" 220
"F:/Documents/Dropbox/UniWork/LDJam43/Unreal Project/LDJAM_43_Project/Content/ParticleSystem/PS_MuzzleFlash.uasset" 221
"F:/Documents/Dropbox/UniWork/LDJam43/Unreal Project/LDJAM_43_Project/Content/SK_Mesh/Minigun_PhysicsAsset.uasset" 222
"F:/Documents/Dropbox/UniWork/LDJam43/Unreal Project/LDJAM_43_Project/Content/SK_Mesh/Minigun.uasset" 223
"F:/Documents/Dropbox/UniWork/LDJam43/Unreal Project/LDJAM_43_Project/Content/Sounds/Minigun.uasset" 224
"F:/Documents/Dropbox/UniWork/LDJam43/Unreal Project/LDJAM_43_Project/Content/Sounds/Minigun_Cue.uasset" 225
"F:/Documents/Dropbox/UniWork/LDJam43/Unreal Project/LDJAM_43_Project/Content/Blueprints/Weapons/BP_Minigun.uasset" 226
"F:/Documents/Dropbox/UniWork/LDJam43/Unreal Project/LDJAM_43_Project/Content/SK_Mesh/Pistol_Skeleton.uasset" 227
"F:/Documents/Dropbox/UniWork/LDJam43/Unreal Project/LDJAM_43_Project/Content/Sounds/Pistol_clack.uasset" 228
"F:/Documents/Dropbox/UniWork/LDJam43/Unreal Project/LDJAM_43_Project/Content/Sounds/Pistol_clack_Cue.uasset" 229
"F:/Documents/Dropbox/UniWork/LDJam43/Unreal Project/LDJAM_43_Project/Content/Sounds/Pistol_click.uasset" 230
"F:/Documents/Dropbox/UniWork/LDJam43/Unreal Project/LDJAM_43_Project/Content/Sounds/Pistol_click_Cue.uasset" 231
"F:/Documents/Dropbox/UniWork/LDJam43/Unreal Project/LDJAM_43_Project/Content/Sounds/Pistol.uasset" 232
"F:/Documents/Dropbox/UniWork/LDJam43/Unreal Project/LDJAM_43_Project/Content/Sounds/Pistol_Cue.uasset" 233
"F:/Documents/Dropbox/UniWork/LDJam43/Unreal Project/LDJAM_43_Project/Content/SK_Mesh/Pistol_Anim.uasset" 234
"F:/Documents/Dropbox/UniWork/LDJam43/Unreal Project/LDJAM_43_Project/Content/Materials/M_Pistol.uasset" 235
"F:/Documents/Dropbox/UniWork/LDJam43/Unreal Project/LDJAM_43_Project/Content/SK_Mesh/Pistol_PhysicsAsset.uasset" 236
"F:/Documents/Dropbox/UniWork/LDJam43/Unreal Project/LDJAM_43_Project/Content/SK_Mesh/Pistol.uasset" 237
"F:/Documents/Dropbox/UniWork/LDJam43/Unreal Project/LDJAM_43_Project/Content/Blueprints/Weapons/BP_Pistol.uasset" 238
"F:/Documents/Dropbox/UniWork/LDJam43/Unreal Project/LDJAM_43_Project/Content/SK_Mesh/Shotgun01_Skeleton.uasset" 239
"F:/Documents/Dropbox/UniWork/LDJam43/Unreal Project/LDJAM_43_Project/Content/Sounds/Shotgun_Chug_Cue1.uasset" 240
"F:/Documents/Dropbox/UniWork/LDJam43/Unreal Project/LDJAM_43_Project/Content/Sounds/Shotgun.uasset" 241
"F:/Documents/Dropbox/UniWork/LDJam43/Unreal Project/LDJAM_43_Project/Content/Sounds/Shotgun_Cue.uasset" 242
"F:/Documents/Dropbox/UniWork/LDJam43/Unreal Project/LDJAM_43_Project/Content/SK_Mesh/Shotgun01_Anim.uasset" 243
"../../../Engine/Content/EditorBlueprintResources/StandardMacros.uasset" 244
"F:/Documents/Dropbox/UniWork/LDJam43/Unreal Project/LDJAM_43_Project/Content/Blueprints/Player_Projectiles/BP_ShotgunProjectile.uasset" 245
"F:/Documents/Dropbox/UniWork/LDJam43/Unreal Project/LDJAM_43_Project/Content/Materials/M_Shotgun.uasset" 246
"F:/Documents/Dropbox/UniWork/LDJam43/Unreal Project/LDJAM_43_Project/Content/SK_Mesh/Shotgun01_PhysicsAsset.uasset" 247
"F:/Documents/Dropbox/UniWork/LDJam43/Unreal Project/LDJAM_43_Project/Content/SK_Mesh/Shotgun01.uasset" 248
"F:/Documents/Dropbox/UniWork/LDJam43/Unreal Project/LDJAM_43_Project/Content/Blueprints/Weapons/BP_Shotgun.uasset" 249
"F:/Documents/Dropbox/UniWork/LDJam43/Unreal Project/LDJAM_43_Project/Content/Blueprints/STRUCT_Sacraficed_weapons.uasset" 250
"F:/Documents/Dropbox/UniWork/LDJam43/Unreal Project/LDJAM_43_Project/Content/Sounds/Music/sicker_track.uasset" 251
"F:/Documents/Dropbox/UniWork/LDJam43/Unreal Project/LDJAM_43_Project/Content/Sounds/Music/sicker_track_Cue.uasset" 252
"F:/Documents/Dropbox/UniWork/LDJam43/Unreal Project/LDJAM_43_Project/Content/Blueprints/BP_GameInstance.uasset" 253
"F:/Documents/Dropbox/UniWork/LDJam43/Unreal Project/LDJAM_43_Project/Content/StaticMesh/Grave_Stone.uasset" 254
"F:/Documents/Dropbox/UniWork/LDJam43/Unreal Project/LDJAM_43_Project/Content/Blueprints/BP_FallingGraveStone.uasset" 255
"F:/Documents/Dropbox/UniWork/LDJam43/Unreal Project/LDJAM_43_Project/Content/Blueprints/UI/Textures/HealthBarGreen.uasset" 256
"F:/Documents/Dropbox/UniWork/LDJam43/Unreal Project/LDJAM_43_Project/Content/Blueprints/UI/Textures/HealthBarRed.uasset" 257
"F:/Documents/Dropbox/UniWork/LDJam43/Unreal Project/LDJAM_43_Project/Content/Blueprints/UI/Fonts/LemonMilk.uasset" 258
"F:/Documents/Dropbox/UniWork/LDJam43/Unreal Project/LDJAM_43_Project/Content/Blueprints/UI/Fonts/LemonMilk_Font.uasset" 259
"F:/Documents/Dropbox/UniWork/LDJam43/Unreal Project/LDJAM_43_Project/Content/Blueprints/UI/Textures/ButtonWithBorder.uasset" 260
"F:/Documents/Dropbox/UniWork/LDJam43/Unreal Project/LDJAM_43_Project/Content/Sounds/Click.uasset" 261
"F:/Documents/Dropbox/UniWork/LDJam43/Unreal Project/LDJAM_43_Project/Content/Sounds/Click_Cue.uasset" 262
"F:/Documents/Dropbox/UniWork/LDJam43/Unreal Project/LDJAM_43_Project/Content/Sounds/Hover.uasset" 263
"F:/Documents/Dropbox/UniWork/LDJam43/Unreal Project/LDJAM_43_Project/Content/Sounds/Hover_Cue.uasset" 264
"F:/Documents/Dropbox/UniWork/LDJam43/Unreal Project/LDJAM_43_Project/Content/Blueprints/UI/WBP_Finale.uasset" 265
"F:/Documents/Dropbox/UniWork/LDJam43/Unreal Project/LDJAM_43_Project/Content/Blueprints/UI/WBP_GameOverScreen.uasset" 266
"F:/Documents/Dropbox/UniWork/LDJam43/Unreal Project/LDJAM_43_Project/Content/Blueprints/BP_GameMode.uasset" 267
"F:/Documents/Dropbox/UniWork/LDJam43/Unreal Project/LDJAM_43_Project/Content/Blueprints/UI/Textures/Empty.uasset" 268
"F:/Documents/Dropbox/UniWork/LDJam43/Unreal Project/LDJAM_43_Project/Content/Blueprints/UI/Textures/Launcher.uasset" 269
"F:/Documents/Dropbox/UniWork/LDJam43/Unreal Project/LDJAM_43_Project/Content/Blueprints/UI/Textures/Minigun.uasset" 270
"F:/Documents/Dropbox/UniWork/LDJam43/Unreal Project/LDJAM_43_Project/Content/Blueprints/UI/Textures/Pistol.uasset" 271
"F:/Documents/Dropbox/UniWork/LDJam43/Unreal Project/LDJAM_43_Project/Content/Blueprints/UI/Textures/Shotgun.uasset" 272
"F:/Documents/Dropbox/UniWork/LDJam43/Unreal Project/LDJAM_43_Project/Content/Blueprints/UI/WBP_LeftArm.uasset" 273
"F:/Documents/Dropbox/UniWork/LDJam43/Unreal Project/LDJAM_43_Project/Content/Blueprints/UI/WBP_LeftLeg.uasset" 274
"F:/Documents/Dropbox/UniWork/LDJam43/Unreal Project/LDJAM_43_Project/Content/Blueprints/UI/WBP_RightArm.uasset" 275
"F:/Documents/Dropbox/UniWork/LDJam43/Unreal Project/LDJAM_43_Project/Content/Blueprints/UI/WBP_RightLeg.uasset" 276
"F:/Documents/Dropbox/UniWork/LDJam43/Unreal Project/LDJAM_43_Project/Content/Blueprints/UI/WBP_HUD.uasset" 277
"F:/Documents/Dropbox/UniWork/LDJam43/Unreal Project/LDJAM_43_Project/Content/SK_Mesh/PlayerWalk_PhysicsAsset.uasset" 278
"F:/Documents/Dropbox/UniWork/LDJam43/Unreal Project/LDJAM_43_Project/Content/SK_Mesh/PlayerWalk.uasset" 279
"F:/Documents/Dropbox/UniWork/LDJam43/Unreal Project/LDJAM_43_Project/Content/StaticMesh/Player/Body.uasset" 280
"F:/Documents/Dropbox/UniWork/LDJam43/Unreal Project/LDJAM_43_Project/Content/Blueprints/BP_GunBoy.uasset" 281
"F:/Documents/Dropbox/UniWork/LDJam43/Unreal Project/LDJAM_43_Project/Content/Blueprints/AI/BTS_CanSeePlayer.uasset" 282
"F:/Documents/Dropbox/UniWork/LDJam43/Unreal Project/LDJAM_43_Project/Content/Blueprints/AI/BTT_Patrol.uasset" 283
"F:/Documents/Dropbox/UniWork/LDJam43/Unreal Project/LDJAM_43_Project/Content/Blueprints/AI/BTT_Shoot_Player.uasset" 284
"F:/Documents/Dropbox/UniWork/LDJam43/Unreal Project/LDJAM_43_Project/Content/Blueprints/AI/BT_Enemy.uasset" 285
"F:/Documents/Dropbox/UniWork/LDJam43/Unreal Project/LDJAM_43_Project/Content/Blueprints/AI/AC_Enemy.uasset" 286
"F:/Documents/Dropbox/UniWork/LDJam43/Unreal Project/LDJAM_43_Project/Content/StaticMesh/Explosion.uasset" 287
"F:/Documents/Dropbox/UniWork/LDJam43/Unreal Project/LDJAM_43_Project/Content/Blueprints/Player_Projectiles/Enemy/BP_EnemyProjectile.uasset" 288
"F:/Documents/Dropbox/UniWork/LDJam43/Unreal Project/LDJAM_43_Project/Content/Blueprints/UI/WBP_EnemyHealthBar.uasset" 289
"F:/Documents/Dropbox/UniWork/LDJam43/Unreal Project/LDJAM_43_Project/Content/Blueprints/AI/BP_Enemy.uasset" 290
"../../../Engine/Content/EngineSky/C_Sky_Cloud_Color.uasset" 291
"../../../Engine/Content/EngineSky/C_Sky_Horizon_Color.uasset" 292
"../../../Engine/Content/EngineSky/C_Sky_Zenith_Color.uasset" 293
"../../../Engine/Content/EngineSky/T_Sky_Blue.uasset" 294
"../../../Engine/Content/EngineSky/T_Sky_Clouds_M.uasset" 295
"../../../Engine/Content/EngineSky/T_Sky_Stars.uasset" 296
"../../../Engine/Content/EngineSky/M_Sky_Panning_Clouds2.uasset" 297
"../../../Engine/Content/EngineSky/SM_SkySphere.uasset" 298
"../../../Engine/Content/EngineSky/BP_Sky_Sphere.uasset" 299
"F:/Documents/Dropbox/UniWork/LDJam43/Unreal Project/LDJAM_43_Project/Content/Blueprints/UI/WBP_EndOfLevelScreen.uasset" 300
"F:/Documents/Dropbox/UniWork/LDJam43/Unreal Project/LDJAM_43_Project/Content/StaticMesh/BigBuilding.uasset" 301
"F:/Documents/Dropbox/UniWork/LDJam43/Unreal Project/LDJAM_43_Project/Content/StaticMesh/Bridge.uasset" 302
"F:/Documents/Dropbox/UniWork/LDJam43/Unreal Project/LDJAM_43_Project/Content/StaticMesh/Building2.uasset" 303
"F:/Documents/Dropbox/UniWork/LDJam43/Unreal Project/LDJAM_43_Project/Content/StaticMesh/Building3.uasset" 304
"F:/Documents/Dropbox/UniWork/LDJam43/Unreal Project/LDJAM_43_Project/Content/StaticMesh/Floor.uasset" 305
"F:/Documents/Dropbox/UniWork/LDJam43/Unreal Project/LDJAM_43_Project/Content/Levels/Finale.umap" 306
"F:/Documents/Dropbox/UniWork/LDJam43/Unreal Project/LDJAM_43_Project/Content/Blueprints/UI/WBP_MainMenu.uasset" 307
"F:/Documents/Dropbox/UniWork/LDJam43/Unreal Project/LDJAM_43_Project/Content/Levels/MainMenu.umap" 308
"F:/Documents/Dropbox/UniWork/LDJam43/Unreal Project/LDJAM_43_Project/Content/Blueprints/UI/WBP_KillRestOfEnemies.uasset" 309
"F:/Documents/Dropbox/UniWork/LDJam43/Unreal Project/LDJAM_43_Project/Content/StaticMesh/PostWithFlag.uasset" 310
"F:/Documents/Dropbox/UniWork/LDJam43/Unreal Project/LDJAM_43_Project/Content/Blueprints/BP_EndArea.uasset" 311
"F:/Documents/Dropbox/UniWork/LDJam43/Unreal Project/LDJAM_43_Project/Content/StaticMesh/PlatformOnly.uasset" 312
"F:/Documents/Dropbox/UniWork/LDJam43/Unreal Project/LDJAM_43_Project/Content/StaticMesh/ScaffoldPlatform1.uasset" 313
"F:/Documents/Dropbox/UniWork/LDJam43/Unreal Project/LDJAM_43_Project/Content/StaticMesh/ScaffoldTall2Platforms_2.uasset" 314
"F:/Documents/Dropbox/UniWork/LDJam43/Unreal Project/LDJAM_43_Project/Content/StaticMesh/ScaffoldTallPlatforms.uasset" 315
"F:/Documents/Dropbox/UniWork/LDJam43/Unreal Project/LDJAM_43_Project/Content/Levels/Map2.umap" 316
"F:/Documents/Dropbox/UniWork/LDJam43/Unreal Project/LDJAM_43_Project/Content/Levels/Map3.umap" 317
"F:/Documents/Dropbox/UniWork/LDJam43/Unreal Project/LDJAM_43_Project/Content/Levels/Map4.umap" 318
"F:/Documents/Dropbox/UniWork/LDJam43/Unreal Project/LDJAM_43_Project/Content/StaticMesh/ScaffoldTall2Platforms.uasset" 319
"F:/Documents/Dropbox/UniWork/LDJam43/Unreal Project/LDJAM_43_Project/Content/Levels/TestMap.umap" 320
"../../../Engine/Content/Maps/Entry_BuiltData.uasset" 321
"../../../Engine/Content/Maps/Entry.umap" 322
